<?xml version="1.0" encoding="UTF-8"?>
<!-- Generated by org.testng.reporters.JUnitReportReporter -->
<testsuite hostname="LAPTOP-PCCUKN8F" failures="0" tests="3" name="com.automation.runners.SalesForceRunner" time="61.149" errors="0" timestamp="2024-03-19T18:56:38 CDT" skipped="0">
  <testcase classname="com.automation.runners.SalesForceRunner" name="runScenario" time="16.058"/>
  <system-out/>
  <testcase classname="com.automation.runners.SalesForceRunner" name="runScenario" time="20.311"/>
  <system-out/>
  <testcase classname="com.automation.runners.SalesForceRunner" name="runScenario" time="24.780"/>
  <system-out/>
</testsuite> <!-- com.automation.runners.SalesForceRunner -->
